2026-01-11 19:23:34.809 WARNING (SyncWorker_0) [homeassistant.loader] We found a custom integration voice_streaming which has not been tested by Home Assistant. This component might cause stability problems, be sure to disable it if you experience issues with Home Assistant
2026-01-11 19:23:34.810 WARNING (SyncWorker_0) [homeassistant.loader] We found a custom integration voice_streaming which has not been tested by Home Assistant. This component might cause stability problems, be sure to disable it if you experience issues with Home Assistant
2026-01-11 19:23:35.374 INFO (MainThread) [homeassistant.setup] Setup of domain http took 0.06 seconds
2026-01-11 19:23:35.374 INFO (MainThread) [homeassistant.setup] Setup of domain system_log took 0.06 seconds
2026-01-11 19:23:35.374 INFO (MainThread) [homeassistant.setup] Setup of domain logger took 0.06 seconds
2026-01-11 19:23:35.375 INFO (MainThread) [homeassistant.setup] Setting up websocket_api
2026-01-11 19:23:35.375 INFO (MainThread) [homeassistant.setup] Setup of domain websocket_api took 0.00 seconds
2026-01-11 19:23:35.375 INFO (MainThread) [homeassistant.setup] Setting up network
2026-01-11 19:23:35.378 INFO (MainThread) [homeassistant.setup] Setup of domain network took 0.00 seconds
2026-01-11 19:23:35.378 INFO (MainThread) [homeassistant.bootstrap] Setting up stage labs: {'labs'}; already set up: {}
Dependencies: {}; already set up: {}
2026-01-11 19:23:35.378 INFO (MainThread) [homeassistant.setup] Setting up labs
2026-01-11 19:23:35.378 INFO (MainThread) [homeassistant.setup] Setup of domain labs took 0.00 seconds
2026-01-11 19:23:35.378 INFO (MainThread) [homeassistant.bootstrap] Setting up stage frontend: {'frontend'}; already set up: {}
Dependencies: {'config', 'search', 'auth', 'lovelace', 'onboarding', 'device_automation', 'api', 'file_upload', 'repairs', 'diagnostics'}; already set up: {'http', 'websocket_api', 'system_log'}
2026-01-11 19:23:35.378 INFO (MainThread) [homeassistant.setup] Setting up config
2026-01-11 19:23:35.382 INFO (MainThread) [homeassistant.setup] Setup of domain config took 0.00 seconds
2026-01-11 19:23:35.382 INFO (MainThread) [homeassistant.setup] Setting up search
2026-01-11 19:23:35.382 INFO (MainThread) [homeassistant.setup] Setup of domain search took 0.00 seconds
2026-01-11 19:23:35.383 INFO (MainThread) [homeassistant.setup] Setting up diagnostics
2026-01-11 19:23:35.384 INFO (MainThread) [homeassistant.setup] Setup of domain diagnostics took 0.00 seconds
2026-01-11 19:23:35.384 INFO (MainThread) [homeassistant.setup] Setting up auth
2026-01-11 19:23:35.385 INFO (MainThread) [homeassistant.setup] Setup of domain auth took 0.00 seconds
2026-01-11 19:23:35.385 INFO (MainThread) [homeassistant.setup] Setting up onboarding
2026-01-11 19:23:35.385 INFO (MainThread) [homeassistant.setup] Setup of domain onboarding took 0.00 seconds
2026-01-11 19:23:35.385 INFO (MainThread) [homeassistant.setup] Setting up lovelace
2026-01-11 19:23:35.386 INFO (MainThread) [homeassistant.setup] Setting up device_automation
2026-01-11 19:23:35.387 INFO (MainThread) [homeassistant.setup] Setup of domain device_automation took 0.00 seconds
2026-01-11 19:23:35.387 INFO (MainThread) [homeassistant.setup] Setting up api
2026-01-11 19:23:35.390 INFO (MainThread) [homeassistant.setup] Setup of domain api took 0.00 seconds
2026-01-11 19:23:35.390 INFO (MainThread) [homeassistant.setup] Setting up file_upload
2026-01-11 19:23:35.391 INFO (MainThread) [homeassistant.setup] Setup of domain file_upload took 0.00 seconds
2026-01-11 19:23:35.391 INFO (MainThread) [homeassistant.setup] Setting up repairs
2026-01-11 19:23:35.391 INFO (MainThread) [homeassistant.setup] Setup of domain repairs took 0.00 seconds
2026-01-11 19:23:35.393 INFO (MainThread) [homeassistant.setup] Setup of domain lovelace took 0.01 seconds
2026-01-11 19:23:35.393 INFO (MainThread) [homeassistant.setup] Setting up frontend
2026-01-11 19:23:35.403 INFO (MainThread) [homeassistant.setup] Setup of domain frontend took 0.01 seconds
2026-01-11 19:23:35.403 INFO (MainThread) [homeassistant.bootstrap] Setting up stage recorder: {'recorder'}; already set up: {}
Dependencies: {}; already set up: {}
2026-01-11 19:23:35.404 INFO (MainThread) [homeassistant.setup] Setting up recorder
2026-01-11 19:23:35.407 INFO (MainThread) [homeassistant.components.http] Now listening on port 8123
2026-01-11 19:23:35.407 INFO (MainThread) [homeassistant.setup] Setup of domain http took 0.00 seconds
2026-01-11 19:23:35.445 INFO (MainThread) [homeassistant.setup] Setup of domain recorder took 0.04 seconds
2026-01-11 19:23:35.446 INFO (MainThread) [homeassistant.bootstrap] Nothing to set up in stage debugger: {'debugpy'}
2026-01-11 19:23:35.446 INFO (MainThread) [homeassistant.bootstrap] Setting up stage zeroconf: {'zeroconf'}; already set up: {}
Dependencies: {}; already set up: {'http', 'api', 'websocket_api', 'network'}
2026-01-11 19:23:35.446 INFO (MainThread) [homeassistant.setup] Setting up zeroconf
2026-01-11 19:23:35.453 INFO (MainThread) [homeassistant.components.zeroconf] Starting Zeroconf broadcast
2026-01-11 19:23:35.454 INFO (MainThread) [homeassistant.setup] Setup of domain zeroconf took 0.01 seconds
2026-01-11 19:23:35.454 INFO (MainThread) [homeassistant.bootstrap] Setting up stage 1: {'dhcp', 'ssdp', 'cloud', 'bluetooth', 'usb'}; already set up: {}
Dependencies: {'ffmpeg', 'webhook', 'tts', 'stt', 'wake_word', 'web_rtc', 'assist_pipeline', 'intent', 'backup', 'conversation'}; already set up: {'http', 'auth', 'websocket_api', 'repairs', 'network'}
2026-01-11 19:23:35.455 INFO (MainThread) [homeassistant.setup] Setting up webhook
2026-01-11 19:23:35.456 INFO (MainThread) [homeassistant.setup] Setup of domain webhook took 0.00 seconds
2026-01-11 19:23:35.461 INFO (MainThread) [homeassistant.setup] Setting up backup
2026-01-11 19:23:35.465 INFO (MainThread) [homeassistant.setup] Setup of domain backup took 0.00 seconds
2026-01-11 19:23:35.479 INFO (MainThread) [homeassistant.setup] Setting up ffmpeg
2026-01-11 19:23:35.480 INFO (MainThread) [homeassistant.setup] Setup of domain ffmpeg took 0.00 seconds
2026-01-11 19:23:35.488 INFO (MainThread) [homeassistant.setup] Setting up stt
2026-01-11 19:23:35.488 INFO (MainThread) [homeassistant.setup] Setup of domain stt took 0.00 seconds
2026-01-11 19:23:35.493 INFO (MainThread) [homeassistant.setup] Setting up wake_word
2026-01-11 19:23:35.493 INFO (MainThread) [homeassistant.setup] Setup of domain wake_word took 0.00 seconds
2026-01-11 19:23:35.511 INFO (MainThread) [homeassistant.setup] Setting up intent
2026-01-11 19:23:35.512 INFO (MainThread) [homeassistant.setup] Setup of domain intent took 0.00 seconds
2026-01-11 19:23:35.587 INFO (MainThread) [homeassistant.setup] Setting up dhcp
2026-01-11 19:23:35.587 INFO (MainThread) [homeassistant.setup] Setup of domain dhcp took 0.00 seconds
2026-01-11 19:23:35.589 INFO (MainThread) [homeassistant.setup] Setting up web_rtc
2026-01-11 19:23:35.589 INFO (MainThread) [homeassistant.setup] Setup of domain web_rtc took 0.00 seconds
2026-01-11 19:23:35.689 INFO (MainThread) [homeassistant.setup] Setting up ssdp
2026-01-11 19:23:35.694 INFO (MainThread) [homeassistant.setup] Setup of domain ssdp took 0.00 seconds
2026-01-11 19:23:35.721 INFO (MainThread) [homeassistant.setup] Setting up usb
2026-01-11 19:23:35.721 INFO (MainThread) [homeassistant.setup] Setup of domain usb took 0.00 seconds
2026-01-11 19:23:35.761 INFO (MainThread) [homeassistant.setup] Setting up tts
2026-01-11 19:23:35.766 INFO (MainThread) [homeassistant.setup] Setup of domain tts took 0.00 seconds
2026-01-11 19:23:35.828 INFO (MainThread) [homeassistant.setup] Setting up conversation
2026-01-11 19:23:35.829 INFO (MainThread) [homeassistant.setup] Setup of domain conversation took 0.00 seconds
2026-01-11 19:23:35.830 INFO (MainThread) [homeassistant.setup] Setting up event
2026-01-11 19:23:35.831 INFO (MainThread) [homeassistant.setup] Setup of domain event took 0.00 seconds
2026-01-11 19:23:35.831 INFO (MainThread) [homeassistant.components.event] Setting up backup.event
2026-01-11 19:23:35.831 INFO (MainThread) [homeassistant.setup] Setting up sensor
2026-01-11 19:23:35.831 INFO (MainThread) [homeassistant.setup] Setup of domain sensor took 0.00 seconds
2026-01-11 19:23:35.831 INFO (MainThread) [homeassistant.components.sensor] Setting up backup.sensor
2026-01-11 19:23:35.840 INFO (MainThread) [homeassistant.setup] Setting up bluetooth
2026-01-11 19:23:35.880 INFO (MainThread) [homeassistant.setup] Setting up assist_pipeline
2026-01-11 19:23:35.881 INFO (MainThread) [homeassistant.setup] Setup of domain assist_pipeline took 0.00 seconds
2026-01-11 19:23:35.890 INFO (MainThread) [homeassistant.setup] Setup of domain bluetooth took 0.05 seconds
2026-01-11 19:23:36.180 INFO (MainThread) [homeassistant.setup] Setting up cloud
2026-01-11 19:23:36.181 INFO (MainThread) [homeassistant.setup] Setup of domain cloud took 0.00 seconds
2026-01-11 19:23:36.182 INFO (MainThread) [homeassistant.bootstrap] Setting up stage 2: {'default_config', 'script', 'input_boolean', 'analytics', 'automation', 'panel_custom', 'input_datetime', 'radio_browser', 'sun', 'hardware', 'input_select', 'application_credentials', 'scene', 'input_number', 'timer', 'go2rtc', 'shopping_list', 'zone', 'google_translate', 'system_health', 'input_button', 'schedule', 'met', 'person', 'tag', 'counter', 'input_text', 'voice_streaming'}; already set up: {'http', 'logger', 'websocket_api', 'api', 'frontend', 'bluetooth', 'backup', 'labs', 'network'}
Dependencies: {'usage_prediction', 'trace', 'energy', 'history', 'homeassistant_alerts', 'media_source', 'file', 'logbook', 'my', 'camera', 'mobile_app', 'stream', 'image_upload', 'blueprint'}; already set up: {'ffmpeg', 'dhcp', 'tts', 'wake_word', 'recorder', 'websocket_api', 'device_automation', 'api', 'intent', 'repairs', 'network', 'webhook', 'search', 'stt', 'auth', 'lovelace', 'ssdp', 'onboarding', 'file_upload', 'system_log', 'backup', 'web_rtc', 'cloud', 'bluetooth', 'diagnostics', 'http', 'config', 'zeroconf', 'assist_pipeline', 'frontend', 'conversation', 'usb'}
2026-01-11 19:23:36.182 INFO (MainThread) [homeassistant.setup] Setting up scene
2026-01-11 19:23:36.182 INFO (MainThread) [homeassistant.components.scene] Setting up homeassistant.scene
2026-01-11 19:23:36.183 INFO (MainThread) [homeassistant.setup] Setup of domain scene took 0.00 seconds
2026-01-11 19:23:36.183 INFO (MainThread) [homeassistant.setup] Setting up camera
2026-01-11 19:23:36.184 INFO (MainThread) [homeassistant.setup] Setup of domain camera took 0.00 seconds
2026-01-11 19:23:36.184 INFO (MainThread) [homeassistant.setup] Setting up trace
2026-01-11 19:23:36.184 INFO (MainThread) [homeassistant.setup] Setup of domain trace took 0.00 seconds
2026-01-11 19:23:36.184 INFO (MainThread) [homeassistant.setup] Setting up history
2026-01-11 19:23:36.184 INFO (MainThread) [homeassistant.setup] Setup of domain history took 0.00 seconds
2026-01-11 19:23:36.185 INFO (MainThread) [homeassistant.setup] Setting up logbook
2026-01-11 19:23:36.185 INFO (MainThread) [homeassistant.setup] Setup of domain logbook took 0.00 seconds
2026-01-11 19:23:36.185 INFO (MainThread) [homeassistant.setup] Setting up media_source
2026-01-11 19:23:36.186 INFO (MainThread) [homeassistant.setup] Setup of domain media_source took 0.00 seconds
2026-01-11 19:23:36.186 INFO (MainThread) [homeassistant.setup] Setting up image_upload
2026-01-11 19:23:36.187 INFO (MainThread) [homeassistant.setup] Setup of domain image_upload took 0.00 seconds
2026-01-11 19:23:36.188 INFO (MainThread) [homeassistant.setup] Setting up zone
2026-01-11 19:23:36.188 INFO (MainThread) [homeassistant.setup] Setup of domain zone took 0.00 seconds
2026-01-11 19:23:36.189 INFO (MainThread) [homeassistant.setup] Setting up person
2026-01-11 19:23:36.189 INFO (MainThread) [homeassistant.setup] Setting up stream
2026-01-11 19:23:36.189 INFO (MainThread) [homeassistant.setup] Setting up blueprint
2026-01-11 19:23:36.189 INFO (MainThread) [homeassistant.setup] Setup of domain blueprint took 0.00 seconds
2026-01-11 19:23:36.189 INFO (MainThread) [homeassistant.setup] Setting up script
2026-01-11 19:23:36.190 INFO (MainThread) [homeassistant.setup] Setup of domain script took 0.00 seconds
2026-01-11 19:23:36.190 INFO (MainThread) [homeassistant.setup] Setting up input_boolean
2026-01-11 19:23:36.190 INFO (MainThread) [homeassistant.setup] Setup of domain input_boolean took 0.00 seconds
2026-01-11 19:23:36.190 INFO (MainThread) [homeassistant.setup] Setting up automation
2026-01-11 19:23:36.191 INFO (MainThread) [homeassistant.setup] Setup of domain automation took 0.00 seconds
2026-01-11 19:23:36.191 INFO (MainThread) [homeassistant.setup] Setting up panel_custom
2026-01-11 19:23:36.191 INFO (MainThread) [homeassistant.setup] Setup of domain panel_custom took 0.00 seconds
2026-01-11 19:23:36.192 INFO (MainThread) [homeassistant.setup] Setting up input_select
2026-01-11 19:23:36.194 INFO (MainThread) [homeassistant.setup] Setup of domain input_select took 0.00 seconds
2026-01-11 19:23:36.194 INFO (MainThread) [homeassistant.setup] Setting up input_number
2026-01-11 19:23:36.202 INFO (MainThread) [homeassistant.setup] Setup of domain input_number took 0.01 seconds
2026-01-11 19:23:36.202 INFO (MainThread) [homeassistant.setup] Setting up timer
2026-01-11 19:23:36.203 INFO (MainThread) [homeassistant.setup] Setup of domain timer took 0.00 seconds
2026-01-11 19:23:36.204 INFO (MainThread) [homeassistant.setup] Setting up system_health
2026-01-11 19:23:36.204 INFO (MainThread) [homeassistant.setup] Setup of domain system_health took 0.00 seconds
2026-01-11 19:23:36.204 INFO (MainThread) [homeassistant.setup] Setting up input_button
2026-01-11 19:23:36.205 INFO (MainThread) [homeassistant.setup] Setup of domain input_button took 0.00 seconds
2026-01-11 19:23:36.208 INFO (MainThread) [homeassistant.setup] Setup of domain person took 0.02 seconds
2026-01-11 19:23:36.244 INFO (MainThread) [homeassistant.setup] Setting up energy
2026-01-11 19:23:36.245 INFO (MainThread) [homeassistant.setup] Setup of domain energy took 0.00 seconds
2026-01-11 19:23:36.252 INFO (MainThread) [homeassistant.setup] Setting up file
2026-01-11 19:23:36.252 INFO (MainThread) [homeassistant.setup] Setup of domain file took 0.00 seconds
2026-01-11 19:23:36.356 INFO (MainThread) [homeassistant.setup] Setup of domain stream took 0.17 seconds
2026-01-11 19:23:36.376 INFO (MainThread) [homeassistant.setup] Setting up go2rtc
2026-01-11 19:23:36.381 INFO (MainThread) [homeassistant.setup] Setting up homeassistant_alerts
2026-01-11 19:23:36.382 INFO (MainThread) [homeassistant.setup] Setup of domain homeassistant_alerts took 0.00 seconds
2026-01-11 19:23:36.394 INFO (MainThread) [homeassistant.setup] Setting up tag
2026-01-11 19:23:36.397 INFO (MainThread) [homeassistant.setup] Setup of domain tag took 0.00 seconds
2026-01-11 19:23:36.399 INFO (MainThread) [homeassistant.setup] Setting up my
2026-01-11 19:23:36.400 INFO (MainThread) [homeassistant.setup] Setup of domain my took 0.00 seconds
2026-01-11 19:23:36.403 INFO (MainThread) [homeassistant.setup] Setup of domain go2rtc took 0.03 seconds
2026-01-11 19:23:36.407 INFO (MainThread) [homeassistant.setup] Setting up sun
2026-01-11 19:23:36.407 INFO (MainThread) [homeassistant.setup] Setup of domain sun took 0.00 seconds
2026-01-11 19:23:36.410 INFO (MainThread) [homeassistant.setup] Setting up binary_sensor
2026-01-11 19:23:36.411 INFO (MainThread) [homeassistant.setup] Setup of domain binary_sensor took 0.00 seconds
2026-01-11 19:23:36.411 INFO (MainThread) [homeassistant.components.binary_sensor] Setting up sun.binary_sensor
2026-01-11 19:23:36.411 INFO (MainThread) [homeassistant.components.sensor] Setting up sun.sensor
2026-01-11 19:23:36.419 INFO (MainThread) [homeassistant.setup] Setting up usage_prediction
2026-01-11 19:23:36.419 INFO (MainThread) [homeassistant.setup] Setup of domain usage_prediction took 0.00 seconds
2026-01-11 19:23:36.422 INFO (MainThread) [homeassistant.setup] Setting up input_datetime
2026-01-11 19:23:36.424 INFO (MainThread) [homeassistant.setup] Setup of domain input_datetime took 0.00 seconds
2026-01-11 19:23:36.560 INFO (MainThread) [homeassistant.setup] Setting up radio_browser
2026-01-11 19:23:36.560 INFO (MainThread) [homeassistant.setup] Setup of domain radio_browser took 0.00 seconds
2026-01-11 19:23:36.565 INFO (MainThread) [homeassistant.setup] Setting up hardware
2026-01-11 19:23:36.565 INFO (MainThread) [homeassistant.setup] Setting up application_credentials
2026-01-11 19:23:36.566 INFO (MainThread) [homeassistant.setup] Setup of domain application_credentials took 0.00 seconds
2026-01-11 19:23:36.567 INFO (MainThread) [homeassistant.setup] Setting up shopping_list
2026-01-11 19:23:36.568 INFO (MainThread) [homeassistant.setup] Setup of domain shopping_list took 0.00 seconds
2026-01-11 19:23:36.592 INFO (MainThread) [homeassistant.setup] Setting up google_translate
2026-01-11 19:23:36.593 INFO (MainThread) [homeassistant.setup] Setup of domain google_translate took 0.00 seconds
2026-01-11 19:23:36.607 INFO (MainThread) [homeassistant.setup] Setting up schedule
2026-01-11 19:23:36.609 INFO (MainThread) [homeassistant.setup] Setup of domain schedule took 0.00 seconds
2026-01-11 19:23:36.656 INFO (MainThread) [homeassistant.setup] Setting up met
2026-01-11 19:23:36.656 INFO (MainThread) [homeassistant.setup] Setup of domain met took 0.00 seconds
2026-01-11 19:23:36.661 INFO (MainThread) [homeassistant.setup] Setting up counter
2026-01-11 19:23:36.662 INFO (MainThread) [homeassistant.setup] Setup of domain counter took 0.00 seconds
2026-01-11 19:23:36.663 INFO (MainThread) [homeassistant.setup] Setting up input_text
2026-01-11 19:23:36.664 INFO (MainThread) [homeassistant.setup] Setup of domain input_text took 0.00 seconds
2026-01-11 19:23:36.667 INFO (MainThread) [homeassistant.setup] Setup of domain hardware took 0.10 seconds
2026-01-11 19:23:36.667 INFO (MainThread) [homeassistant.setup] Setting up voice_streaming
2026-01-11 19:23:36.668 INFO (MainThread) [homeassistant.setup] Setup of domain voice_streaming took 0.00 seconds
2026-01-11 19:23:36.671 INFO (MainThread) [homeassistant.components.sensor] Setting up energy.sensor
2026-01-11 19:23:36.677 INFO (MainThread) [homeassistant.setup] Setting up analytics
2026-01-11 19:23:36.677 INFO (MainThread) [homeassistant.setup] Setup of domain analytics took 0.00 seconds
2026-01-11 19:23:36.732 INFO (MainThread) [homeassistant.setup] Setting up mobile_app
2026-01-11 19:23:36.733 INFO (MainThread) [homeassistant.setup] Setting up notify
2026-01-11 19:23:36.733 INFO (MainThread) [homeassistant.setup] Setup of domain notify took 0.00 seconds
2026-01-11 19:23:36.733 INFO (MainThread) [homeassistant.setup] Setup of domain mobile_app took 0.00 seconds
2026-01-11 19:23:36.734 INFO (MainThread) [homeassistant.components.notify] Setting up notify.mobile_app
2026-01-11 19:23:36.734 INFO (MainThread) [homeassistant.setup] Setting up default_config
2026-01-11 19:23:36.734 INFO (MainThread) [homeassistant.setup] Setup of domain default_config took 0.00 seconds
2026-01-11 19:23:36.739 INFO (MainThread) [homeassistant.setup] Setting up todo
2026-01-11 19:23:36.741 INFO (MainThread) [homeassistant.setup] Setup of domain todo took 0.00 seconds
2026-01-11 19:23:36.741 INFO (MainThread) [homeassistant.components.todo] Setting up shopping_list.todo
2026-01-11 19:23:36.762 INFO (MainThread) [homeassistant.components.tts] Setting up google_translate.tts
2026-01-11 19:23:37.004 INFO (MainThread) [homeassistant.setup] Setting up weather
2026-01-11 19:23:37.005 INFO (MainThread) [homeassistant.setup] Setup of domain weather took 0.00 seconds
2026-01-11 19:23:37.005 INFO (MainThread) [homeassistant.components.weather] Setting up met.weather
2026-01-11 19:23:37.007 INFO (MainThread) [homeassistant.bootstrap] Home Assistant initialized in 2.20s
2026-01-11 19:23:37.008 INFO (MainThread) [homeassistant.core] Starting Home Assistant 2026.1.0
